Using pre-set license
Built from '2020.3/staging' branch; Version is '2020.3.17f1 (a4537701e4ab) revision 10769271'; Using compiler version '192528614'; Build Type 'Release'
OS: 'Windows 10 Pro; OS build 19043.1237; Version 2009; 64bit' Language: 'en' Physical Memory: 16321 MB
BatchMode: 1, IsHumanControllingUs: 0, StartBugReporterOnCrash: 0, Is64bit: 1, IsPro: 0

COMMAND LINE ARGUMENTS:
C:\Users\USER\Documents\etc\Cube Fall\2020.3.17f1\Editor\Unity.exe
-adb2
-batchMode
-noUpm
-name
AssetImportWorker0
-projectPath
C:/Users/USER/Documents/etc/Alien Defense/AlienDefense/AlienDefense
-logFile
Logs/AssetImportWorker0.log
-srvPort
25633
Successfully changed project path to: C:/Users/USER/Documents/etc/Alien Defense/AlienDefense/AlienDefense
C:/Users/USER/Documents/etc/Alien Defense/AlienDefense/AlienDefense
Using Asset Import Pipeline V2.
Refreshing native plugins compatible for Editor in 59.64 ms, found 3 plugins.
Preloading 0 native plugins for Editor in 0.00 ms.
Initialize engine version: 2020.3.17f1 (a4537701e4ab)
[Subsystems] Discovering subsystems at path C:/Users/USER/Documents/etc/Cube Fall/2020.3.17f1/Editor/Data/Resources/UnitySubsystems
[Subsystems] Discovering subsystems at path C:/Users/USER/Documents/etc/Alien Defense/AlienDefense/AlienDefense/Assets
GfxDevice: creating device client; threaded=0
Direct3D:
    Version:  Direct3D 11.0 [level 11.1]
    Renderer: NVIDIA GeForce RTX 2060 (ID=0x1f08)
    Vendor:   
    VRAM:     5980 MB
    Driver:   30.0.14.7196
Initialize mono
Mono path[0] = 'C:/Users/USER/Documents/etc/Cube Fall/2020.3.17f1/Editor/Data/Managed'
Mono path[1] = 'C:/Users/USER/Documents/etc/Cube Fall/2020.3.17f1/Editor/Data/MonoBleedingEdge/lib/mono/unityjit'
Mono config path = 'C:/Users/USER/Documents/etc/Cube Fall/2020.3.17f1/Editor/Data/MonoBleedingEdge/etc'
Using monoOptions --debugger-agent=transport=dt_socket,embedding=1,server=y,suspend=n,address=127.0.0.1:56292
Begin MonoManager ReloadAssembly
Registering precompiled unity dll's ...
Register platform support module: C:/Users/USER/Documents/etc/Cube Fall/2020.3.17f1/Editor/Data/PlaybackEngines/MacStandaloneSupport/UnityEditor.OSXStandalone.Extensions.dll
Register platform support module: C:/Users/USER/Documents/etc/Cube Fall/2020.3.17f1/Editor/Data/PlaybackEngines/WindowsStandaloneSupport/UnityEditor.WindowsStandalone.Extensions.dll
Register platform support module: C:/Users/USER/Documents/etc/Cube Fall/2020.3.17f1/Editor/Data/PlaybackEngines/LinuxStandaloneSupport/UnityEditor.LinuxStandalone.Extensions.dll
Registered in 0.001431 seconds.
Native extension for LinuxStandalone target not found
Native extension for WindowsStandalone target not found
Native extension for OSXStandalone target not found
Refreshing native plugins compatible for Editor in 62.87 ms, found 3 plugins.
Preloading 0 native plugins for Editor in 0.00 ms.
Mono: successfully reloaded assembly
- Completed reload, in  1.477 seconds
Domain Reload Profiling:
	ReloadAssembly (1477ms)
		BeginReloadAssembly (42ms)
			ExecutionOrderSort (0ms)
			DisableScriptedObjects (0ms)
			BackupInstance (0ms)
			ReleaseScriptingObjects (0ms)
			CreateAndSetChildDomain (1ms)
		EndReloadAssembly (397ms)
			LoadAssemblies (41ms)
			RebuildTransferFunctionScriptingTraits (0ms)
			SetupTypeCache (139ms)
			ReleaseScriptCaches (0ms)
			RebuildScriptCaches (25ms)
			SetupLoadedEditorAssemblies (172ms)
				LogAssemblyErrors (0ms)
				InitializePlatformSupportModulesInManaged (5ms)
				SetLoadedEditorAssemblies (0ms)
				RefreshPlugins (63ms)
				BeforeProcessingInitializeOnLoad (13ms)
				ProcessInitializeOnLoadAttributes (67ms)
				ProcessInitializeOnLoadMethodAttributes (23ms)
				AfterProcessingInitializeOnLoad (0ms)
				EditorAssembliesLoaded (0ms)
			ExecutionOrderSort2 (0ms)
			AwakeInstancesAfterBackupRestoration (0ms)
Platform modules already initialized, skipping
Registering precompiled user dll's ...
Registered in 0.003002 seconds.
Begin MonoManager ReloadAssembly
Native extension for LinuxStandalone target not found
Native extension for WindowsStandalone target not found
Native extension for OSXStandalone target not found
Refreshing native plugins compatible for Editor in 62.37 ms, found 3 plugins.
Preloading 0 native plugins for Editor in 0.00 ms.
Mono: successfully reloaded assembly
- Completed reload, in  1.152 seconds
Domain Reload Profiling:
	ReloadAssembly (1152ms)
		BeginReloadAssembly (123ms)
			ExecutionOrderSort (0ms)
			DisableScriptedObjects (4ms)
			BackupInstance (0ms)
			ReleaseScriptingObjects (0ms)
			CreateAndSetChildDomain (16ms)
		EndReloadAssembly (976ms)
			LoadAssemblies (79ms)
			RebuildTransferFunctionScriptingTraits (0ms)
			SetupTypeCache (306ms)
			ReleaseScriptCaches (1ms)
			RebuildScriptCaches (54ms)
			SetupLoadedEditorAssemblies (426ms)
				LogAssemblyErrors (0ms)
				InitializePlatformSupportModulesInManaged (5ms)
				SetLoadedEditorAssemblies (0ms)
				RefreshPlugins (62ms)
				BeforeProcessingInitializeOnLoad (87ms)
				ProcessInitializeOnLoadAttributes (257ms)
				ProcessInitializeOnLoadMethodAttributes (11ms)
				AfterProcessingInitializeOnLoad (3ms)
				EditorAssembliesLoaded (0ms)
			ExecutionOrderSort2 (0ms)
			AwakeInstancesAfterBackupRestoration (6ms)
Platform modules already initialized, skipping
========================================================================
Worker process is ready to serve import requests
Launched and connected shader compiler UnityShaderCompiler.exe after 0.04 seconds
Refreshing native plugins compatible for Editor in 0.61 ms, found 3 plugins.
Preloading 0 native plugins for Editor in 0.00 ms.
Unloading 3441 Unused Serialized files (Serialized files now loaded: 0)
System memory in use before: 149.1 MB.
System memory in use after: 149.3 MB.

Unloading 30 unused Assets to reduce memory usage. Loaded Objects now: 3878.
Total: 3.372400 ms (FindLiveObjects: 0.261600 ms CreateObjectMapping: 0.138600 ms MarkObjects: 2.894700 ms  DeleteObjects: 0.076700 ms)

AssetImportParameters requested are different than current active one (requested -> active):
  custom:framework-win-MediaFoundation: 216162199b28c13a410421893ffa2e32 -> 
  custom:video-decoder-ogg-theora: a1e56fd34408186e4bbccfd4996cb3dc -> 
  custom:container-muxer-webm: aa71ff27fc2769a1b78a27578f13a17b -> 
  custom:container-demuxer-webm: 4f35f7cbe854078d1ac9338744f61a02 -> 
  custom:container-demuxer-ogg: 62fdf1f143b41e24485cea50d1cbac27 -> 
  custom:video-encoder-webm-vp8: eb34c28f22e8b96e1ab97ce403110664 -> 
  custom:video-decoder-webm-vp8: 9c59270c3fd7afecdb556c50c9e8de78 -> 
  custom:audio-decoder-ogg-vorbis: bf7c407c2cedff20999df2af8eb42d56 -> 
  custom:audio-encoder-webm-vorbis: bf7c407c2cedff20999df2af8eb42d56 -> 
========================================================================
Received Import Request.
  path: Assets/ScriptableObjects/Lists/Resources/BuildingTypeListSO.asset
  artifactKey: Guid(8fd3e9ee389d0424c96b9d979c1f7fa0) Importer(815301076,1909f56bfc062723c751e8b465ee728b)
Start importing Assets/ScriptableObjects/Lists/Resources/BuildingTypeListSO.asset using Guid(8fd3e9ee389d0424c96b9d979c1f7fa0) Importer(815301076,1909f56bfc062723c751e8b465ee728b)  -> (artifact id: 'b9bdacfc033a083c0d7b3c87da88cc83') in 0.096285 seconds 
  Import took 0.101308 seconds .

========================================================================
Received Import Request.
  Time since last request: 147.044343 seconds.
  path: Assets/Scripts/ResourceManager.cs
  artifactKey: Guid(7eb10e82ada182040b14ae79d2e3a4da) Importer(815301076,1909f56bfc062723c751e8b465ee728b)
Start importing Assets/Scripts/ResourceManager.cs using Guid(7eb10e82ada182040b14ae79d2e3a4da) Importer(815301076,1909f56bfc062723c751e8b465ee728b)  -> (artifact id: '9bb4d161879265dafe65a3bbecf22acc') in 0.005226 seconds 
  Import took 0.011861 seconds .

========================================================================
Received Import Request.
  Time since last request: 0.001284 seconds.
  path: Assets/Scripts/ResourceManager.cs
  artifactKey: Guid(7eb10e82ada182040b14ae79d2e3a4da) Importer(815301076,1909f56bfc062723c751e8b465ee728b)
Start importing Assets/Scripts/ResourceManager.cs using Guid(7eb10e82ada182040b14ae79d2e3a4da) Importer(815301076,1909f56bfc062723c751e8b465ee728b)  -> (artifact id: '9bb4d161879265dafe65a3bbecf22acc') in 0.001380 seconds 
  Import took 0.006697 seconds .

========================================================================
Received Import Request.
  Time since last request: 1004.853365 seconds.
  path: Assets/Scripts/ResourceGenerator.cs
  artifactKey: Guid(66f80eac19a967441b50541ea21be496) Importer(815301076,1909f56bfc062723c751e8b465ee728b)
Start importing Assets/Scripts/ResourceGenerator.cs using Guid(66f80eac19a967441b50541ea21be496) Importer(815301076,1909f56bfc062723c751e8b465ee728b)  -> (artifact id: '5237552dad2639746410b7bae4e883e5') in 0.001443 seconds 
  Import took 0.007540 seconds .

========================================================================
Received Import Request.
  Time since last request: 517.860521 seconds.
  path: Assets/Prefabs/pfGoldResourceNode.prefab
  artifactKey: Guid(32ba974a071c31548a2069604dac2566) Importer(815301076,1909f56bfc062723c751e8b465ee728b)
Start importing Assets/Prefabs/pfGoldResourceNode.prefab using Guid(32ba974a071c31548a2069604dac2566) Importer(815301076,1909f56bfc062723c751e8b465ee728b)  -> (artifact id: '411cfbbc25dd830e91afd0ef0d15ef9b') in 0.167835 seconds 
  Import took 0.173418 seconds .

========================================================================
Received Import Request.
  Time since last request: 308.318033 seconds.
  path: Assets/Prefabs/pfHQ.prefab
  artifactKey: Guid(0238286a746daab44b771a5ef16bf2f4) Importer(815301076,1909f56bfc062723c751e8b465ee728b)
Start importing Assets/Prefabs/pfHQ.prefab using Guid(0238286a746daab44b771a5ef16bf2f4) Importer(815301076,1909f56bfc062723c751e8b465ee728b)  -> (artifact id: '8e312ef6955e7d5e7084998f2742e426') in 0.032976 seconds 
  Import took 0.039145 seconds .

AssetImportWorkerClient::OnTransportError - code=2 error=End of file
